17:28:16    16 -->                                                             [tcl] ucliGUI::connect -toolargs -ucligui -toolexe ./simv -pid 4419 -toolin /tmp/vcs_20220530092813_4418_bxieaf..stdin -toolout /tmp/vcs_20220530092813_4418_bxieaf..stdout  
17:28:16    17 -->                                                                 [tcl] set ucliGUI::state
17:28:16    18 -->                                                                     [tcl] gui_update_simulator_buttons
17:28:18    19 -->                                                                         [tcl] set ucliGUI::state
17:28:18    20 -->                                                                             [tcl] ucliCore::getToolPID
17:28:18    21 -->                                                                                 [tcl] synopsys::env hasTB
17:28:18    22 -->                                                                                     [tcl] trigger_hier_stack_context_switch 0
17:28:18    23 -->                                                                                         [tcl] synUtils::setDVEInitPhase 1
17:28:18    24 -->                                                                                             [tcl] gui_get_env SIMSETUP::SIMVPD
17:28:18    25 --> ...  [tcl] synopsys::dump -type VPD -file /afs/ee.ust.hk/staff/ee/bxieaf/eesm5020/risc_baohui/syn_sim/inter.vpd -locking
17:28:18    26 --> ...      [tcl] synopsys::dump -autoflush on -fid VPD0
17:28:18    27 --> ...          [tcl] set ::dve_fid VPD0
17:28:18    28 --> ...              [tcl] synUtils::setDVEInitPhase 0
17:28:18    29 --> ...                  [tcl] ucliCore::getToolPID
17:28:18    30 --> ...                      [tcl] synUtils::sendTool -active _icl_setToolSocket /tmp/smlnpt7YRaY
17:28:18    31 --> ...                          [tcl] synUtils::sendTool -active {_icl_start_rpc -version "Q-2020.03-SP1-1_Full64" -sync_file /tmp/vcs_dve_rpc.bxieaf.4419}
17:28:18    32 --> ...                              [tcl] synUtils::sendTool -active {_icl_createSharedMemory /tmp/vcs_dve_general.bxieaf.4419}
17:28:18    33 --> ...                                  [tcl] dveMisc::vbusExpand riscv8bit_tb
17:28:18    34 --> ...                                      [tcl] config endofsim noexit
17:28:18    35 --> ...                                          [tcl] config onfail enable all
17:28:18    36 --> ...                                              [tcl] config syscaddplainmembers
17:28:18    37 --> ...                                                  [tcl] config syscaddsourcenames
17:28:18    38 --> ...                                                      [tcl] config syscaddstructtypes
17:28:18    39 --> ...                                                          [tcl] synopsys::listing -disable
17:28:22    40 --> ...                                                              [tcl] dveMisc::vbusExpand riscv8bit_tb.data_memory1
17:28:31    41 --> ...                                                                  [tcl] synopsys::dump -add {riscv8bit_tb.data_memory1} -scope "." -depth 1 -fid VPD0
17:28:31    42 --> ...                                                                      [tcl] synopsys::dump -add {riscv8bit_tb.data_memory1.ram_memory } -aggregates  -fid VPD0
17:28:33    43 --> ...                                                                          [tcl] synopsys::run
17:28:33    44 --> ...                                                                              [tcl] set ucliGUI::state
17:28:33    45 --> ...                                                                                  [tcl] gui_update_simulator_buttons
17:28:33    46 --> ...                                                                                      [tcl] set ucliGUI::state
17:28:33    47 --> ...                                                                                          [tcl] set ucliGUI::state
17:28:33    48 --> ...                                                                                              [tcl] set ucliGUI::state
17:28:33    49 --> ...                                                                                                  [tcl] catch {senv activeDomain} dveMisc::result 
17:28:33    50 --> ...  [tcl] set dveMisc::result
17:28:33    51 --> ...      [tcl] gui_update_simulator_buttons
17:28:33    52 --> ...          [tcl] dveMisc::vbusExpand riscv8bit_tb.input_stimulus
17:28:48    53 --> ...              [tcl] ucliGUI::getSignalValues -scope riscv8bit_tb.data_memory1 -radix {decimal } -list {{read_ram_data[7:0]} }
17:28:48    54 --> ...                  [tcl] ucliGUI::getSignalValues -scope riscv8bit_tb.data_memory1 -radix {decimal } -list {{address_ram[7:0]} }
17:28:48    55 --> ...                      [tcl] ucliGUI::getSignalValues -scope riscv8bit_tb.data_memory1 -radix {decimal } -list {ram_memory }
17:28:49    56 --> ...                          [tcl] ucliGUI::getSignalValues -scope riscv8bit_tb.data_memory1 -radix {decimal } -list {{write_data[7:0]} }
17:29:10    57 --> ...                              [tcl] if [catch {gui_sim_terminate}] {gui_sim_terminate -kill}
17:29:10    58 --> ...                                  [tcl] synopsys::finish
17:29:10    59 --> ...                                      [tcl] set ucliGUI::state
17:29:10    60 --> ...                                          [tcl] gui_update_simulator_buttons
17:29:10    61 --> ...                                              [tcl] set ucliGUI::state
17:29:10    62 --> ...                                                  [tcl] catch {senv activeDomain} dveMisc::result 
17:29:10    63 --> ...                                                      [tcl] set dveMisc::result
17:29:10    64 --> ...                                                          [tcl] gui_update_simulator_buttons
17:29:10    65 --> ...                                                              [tcl] catch {senv activeDomain} dveMisc::result 
17:29:10    66 --> ...                                                                  [tcl] set dveMisc::result
17:29:10    67 --> ...                                                                      [tcl] ucli_exit
