=======================DVE Context and Call Stack=========================
Command line: /usr/eelocal/synopsys/vcs-vq2020.03-sp1-1/gui/dve/linux64/bin/dve.exe -full64 -ucliplatform=linux64 -toolargs "-ucligui -toolexe ./simv  -pid 3724" -toolin /tmp/vcs_20220527180558_3722_bxieaf..stdin -toolout /tmp/vcs_20220527180558_3722_bxieaf..stdout

--- Stack trace follows:
[New LWP 3933]
[New LWP 3984]

warning: Cannot parse .gnu_debugdata section; LZMA support was disabled at compile time
[Thread debugging using libthread_db enabled]
Using host libthread_db library "/lib64/libthread_db.so.1".

warning: Cannot parse .gnu_debugdata section; LZMA support was disabled at compile time

warning: Cannot parse .gnu_debugdata section; LZMA support was disabled at compile time

warning: Cannot parse .gnu_debugdata section; LZMA support was disabled at compile time

warning: Cannot parse .gnu_debugdata section; LZMA support was disabled at compile time

warning: Cannot parse .gnu_debugdata section; LZMA support was disabled at compile time

warning: Cannot parse .gnu_debugdata section; LZMA support was disabled at compile time

warning: Cannot parse .gnu_debugdata section; LZMA support was disabled at compile time

warning: Cannot parse .gnu_debugdata section; LZMA support was disabled at compile time

warning: Cannot parse .gnu_debugdata section; LZMA support was disabled at compile time

warning: Cannot parse .gnu_debugdata section; LZMA support was disabled at compile time

warning: Cannot parse .gnu_debugdata section; LZMA support was disabled at compile time

warning: Cannot parse .gnu_debugdata section; LZMA support was disabled at compile time

warning: Cannot parse .gnu_debugdata section; LZMA support was disabled at compile time

warning: Cannot parse .gnu_debugdata section; LZMA support was disabled at compile time

warning: Cannot parse .gnu_debugdata section; LZMA support was disabled at compile time

warning: Cannot parse .gnu_debugdata section; LZMA support was disabled at compile time

warning: Cannot parse .gnu_debugdata section; LZMA support was disabled at compile time

warning: Cannot parse .gnu_debugdata section; LZMA support was disabled at compile time

warning: Cannot parse .gnu_debugdata section; LZMA support was disabled at compile time

warning: Cannot parse .gnu_debugdata section; LZMA support was disabled at compile time

warning: Cannot parse .gnu_debugdata section; LZMA support was disabled at compile time

warning: Cannot parse .gnu_debugdata section; LZMA support was disabled at compile time

warning: Cannot parse .gnu_debugdata section; LZMA support was disabled at compile time

warning: Cannot parse .gnu_debugdata section; LZMA support was disabled at compile time

warning: Cannot parse .gnu_debugdata section; LZMA support was disabled at compile time

warning: Cannot parse .gnu_debugdata section; LZMA support was disabled at compile time

warning: Cannot parse .gnu_debugdata section; LZMA support was disabled at compile time

warning: Cannot parse .gnu_debugdata section; LZMA support was disabled at compile time

warning: Cannot parse .gnu_debugdata section; LZMA support was disabled at compile time

warning: Cannot parse .gnu_debugdata section; LZMA support was disabled at compile time

warning: Cannot parse .gnu_debugdata section; LZMA support was disabled at compile time

warning: Cannot parse .gnu_debugdata section; LZMA support was disabled at compile time

warning: Cannot parse .gnu_debugdata section; LZMA support was disabled at compile time
0x00007ffff4061659 in waitpid () from /lib64/libc.so.6

Thread 3 (Thread 0x7fffedc3f700 (LWP 3984)):
#0  0x00007ffff408bb5d in read () from /lib64/libc.so.6
#1  0x00007ffff4017d54 in __GI__IO_file_underflow () from /lib64/libc.so.6
#2  0x00007ffff4018f22 in __GI__IO_default_uflow () from /lib64/libc.so.6
#3  0x00007ffff400bcd4 in __GI__IO_getline_info () from /lib64/libc.so.6
#4  0x00007ffff400aad6 in fgets () from /lib64/libc.so.6
#5  0x000000000139ce66 in ag::dveSmlSocket::run() ()
#6  0x0000000002b1ebfa in QThreadInstance::start(void*) ()
#7  0x00007ffff57f6ea5 in start_thread () from /lib64/libpthread.so.0
#8  0x00007ffff409ab0d in clone () from /lib64/libc.so.6

Thread 2 (Thread 0x7fffee440700 (LWP 3933)):
#0  0x00007ffff57faa35 in pthread_cond_wait@@GLIBC_2.3.2 () from /lib64/libpthread.so.0
#1  0x00007ffff4ed6940 in ?? () from /lib64/libX11.so.6
#2  0x00007ffff4ed6e39 in ?? () from /lib64/libX11.so.6
#3  0x00007ffff4ecc13a in XFreeCursor () from /lib64/libX11.so.6
#4  0x0000000002ae1834 in QCursorData::~QCursorData() ()
#5  0x0000000002ae1d3e in QCursor::~QCursor() ()
#6  0x0000000002ae1d7c in ?? ()
#7  0x00007ffff3fd5ce9 in __run_exit_handlers () from /lib64/libc.so.6
#8  0x00007ffff3fd5d37 in exit () from /lib64/libc.so.6
#9  0x0000000002acb1cc in ?? ()
#10 0x00007ffff4eeb49e in _XIOError () from /lib64/libX11.so.6
#11 0x00007ffff4ee8dfd in _XEventsQueued () from /lib64/libX11.so.6
#12 0x00007ffff4ec51f4 in XCheckTypedEvent () from /lib64/libX11.so.6
#13 0x0000000001277cff in ag::dveXThread::run() ()
#14 0x0000000002b1ebfa in QThreadInstance::start(void*) ()
#15 0x00007ffff57f6ea5 in start_thread () from /lib64/libpthread.so.0
#16 0x00007ffff409ab0d in clone () from /lib64/libc.so.6

Thread 1 (Thread 0x7ffff7fc4680 (LWP 3739)):
#0  0x00007ffff4061659 in waitpid () from /lib64/libc.so.6
#1  0x00007ffff3fdef62 in do_system () from /lib64/libc.so.6
#2  0x00007ffff3fdf311 in system () from /lib64/libc.so.6
#3  0x00007ffff754460b in SNPSle_10ee25eff68cd8461c9146fa1d0b35e87067f3c8015b313e639d2928478c79b3f673f99203bcf8be64600612100082236bffb2007f1e0ef9 () from /usr/eelocal/synopsys/vcs-vq2020.03-sp1-1/linux64/lib/liberrorinf.so
#4  0x00007ffff7544c21 in SNPSle_10ee25eff68cd8461c9146fa1d0b35e87067f3c8015b313e81c34e9ac4c8988ef4a6e067b3aa9271e9f15440f9e8f69ebc77e2fd65860faa () from /usr/eelocal/synopsys/vcs-vq2020.03-sp1-1/linux64/lib/liberrorinf.so
#5  0x00007ffff75461aa in SNPSle_10ee25eff68cd8461c9146fa1d0b35e87067f3c8015b313efba706aab251478fa49e66610e453774633a6c152e7ef778f2202cda681f3d4e () from /usr/eelocal/synopsys/vcs-vq2020.03-sp1-1/linux64/lib/liberrorinf.so
#6  0x00007ffff753e9f2 in SNPSle_d35ca1ff70d465c2b9b1a72eee90a50630165806651fae96eee2bdb18305df1f () from /usr/eelocal/synopsys/vcs-vq2020.03-sp1-1/linux64/lib/liberrorinf.so
#7  0x000000000219e68f in ag::logErrorMessage(ag::errorType, QString const&, bool) ()
#8  0x000000000219ecb1 in ?? ()
#9  0x00007ffff3fd5cc9 in __run_exit_handlers () from /lib64/libc.so.6
#10 0x00007ffff3fd5d37 in exit () from /lib64/libc.so.6
#11 0x0000000002acb1cc in ?? ()
#12 0x00007ffff4eeb49e in _XIOError () from /lib64/libX11.so.6
#13 0x00007ffff4ee958b in _XReply () from /lib64/libX11.so.6
#14 0x00007ffff4ecf32f in XGetWindowProperty () from /lib64/libX11.so.6
#15 0x0000000002acea76 in QETWidget::translatePropertyEvent(_XEvent const*) ()
#16 0x0000000002ada408 in QApplication::x11ProcessEvent(_XEvent*) ()
#17 0x0000000002adaffe in QETWidget::translateMouseEvent(_XEvent const*) ()
#18 0x0000000002ad9d60 in QApplication::x11ProcessEvent(_XEvent*) ()
#19 0x0000000002ae8152 in QEventLoop::processEvents(unsigned int) ()
#20 0x00000000012bbd04 in ag::ovaEventLoop::processEvents(unsigned int) ()
#21 0x0000000002b35649 in QEventLoop::enterLoop() ()
#22 0x0000000002b355ca in QEventLoop::exec() ()
#23 0x00000000012bb760 in run_cci_event_loop ()
#24 0x0000000001279c78 in ag::ovaAppInst::enterEventLoop(int, char**) ()
#25 0x0000000000ea12a0 in main ()

Process VmPeak: 509484 kb, VmSize: 509484 kb
System Free Memory: 57100608 kb, System Free Swap: 5242876 kb

No context available
==========================================================================
