*----------------------------------------------------------------------------------------
*	Innovus 20.10-p004_1 (64bit) 05/07/2020 20:02 (Linux 2.6.32-431.11.2.el6.x86_64)
*	
*
* 	Date & Time:	2022-May-29 23:13:08 (2022-May-29 15:13:08 GMT)
*
*----------------------------------------------------------------------------------------
*
*	Design: riscv8bit
*
*	Liberty Libraries used: 
*	        analysis_slow: /afs/ee.ust.hk/staff/ee/dept/public/elec516/eesm_5020_2017spring/eesm_5020/lib/NangateOpenCellLibrary_PDKv1_3_v2010_12/Front_End/Liberty/NLDM/NangateOpenCellLibrary_slow.lib
*
*	Power Domain used: 
*              Rail:        VDD      Voltage:       0.95 
*
*       Power View : analysis_slow
*
*       User-Defined Activity : N.A.
*
*       Activity File: N.A.
*
*       Hierarchical Global Activity: N.A.
*
*       Global Activity: N.A.
*
*       Sequential Element Activity: 0.200000
*
*       Primary Input Activity: 0.200000
*
*       Default icg ratio: N.A.
*
*       Global Comb ClockGate Ratio: N.A.
*
*	Power Units = 1mW
*
*	Time Units = 1e-09 secs 
*
*       report_power -outfile reports/riscv8bit.routed.power.rpt
*
-----------------------------------------------------------------------------------------


Total Power 
-----------------------------------------------------------------------------------------
Total Internal Power:        0.18871216 	   62.6092%
Total Switching Power:       0.09486360 	   31.4730%
Total Leakage Power:         0.01783714 	    5.9178%
Total Power:                 0.30141290 
-----------------------------------------------------------------------------------------


Group                           Internal   Switching     Leakage       Total  Percentage 
                                Power      Power         Power         Power  (%)        
-----------------------------------------------------------------------------------------
Sequential                        0.1371     0.01659     0.00914      0.1628       54.03 
Macro                                  0           0           0           0           0 
IO                                     0           0           0           0           0 
Combinational                    0.04358     0.04261    0.008582     0.09477       31.44 
Clock (Combinational)            0.00802     0.03566   0.0001149      0.0438       14.53 
Clock (Sequential)                     0           0           0           0           0 
-----------------------------------------------------------------------------------------
Total                             0.1887     0.09486     0.01784      0.3014         100 
-----------------------------------------------------------------------------------------


Rail                  Voltage   Internal   Switching     Leakage       Total  Percentage 
                                Power      Power         Power         Power  (%)        
-----------------------------------------------------------------------------------------
VDD                      0.95     0.1887     0.09486     0.01784      0.3014         100 


Clock                           Internal   Switching     Leakage       Total  Percentage 
                                Power      Power         Power         Power  (%)        
-----------------------------------------------------------------------------------------
clk                              0.00802     0.03566   0.0001149      0.0438       14.53 
-----------------------------------------------------------------------------------------
Total (excluding duplicates)     0.00802     0.03566   0.0001149      0.0438       14.53 
-----------------------------------------------------------------------------------------
Clock: clk
Clock Period: 0.005000 usec 
Clock Toggle Rate:   400.0000 Mhz 
Clock Static Probability:  0.5000



-----------------------------------------------------------------------------------------
*	Power Distribution Summary: 
*                Highest Average Power: id_to_wb1/id_and_ex1/id1/CTS_ccl_a_buf_00022 (CLKBUF_X3):         0.008883 
*                Highest Leakage Power: id_to_wb1/id_and_ex1/id1/registerfile1/register_memory_reg_7__7_ (DFF_X1):        5.428e-05 
*          Total Cap:      3.18799e-12 F
*          Total instances in design:   673
*          Total instances in design with no power:     0
*          Total instances in design with no activity:     0
*          Total Fillers and Decap:     0
-----------------------------------------------------------------------------------------

