17:26:45    16 -->                                                             [tcl] ucliGUI::connect -toolargs -ucligui -toolexe ./simv -pid 3013 -toolin /tmp/vcs_20220530092641_3011_bxieaf..stdin -toolout /tmp/vcs_20220530092641_3011_bxieaf..stdout  
17:26:45    17 -->                                                                 [tcl] set ucliGUI::state
17:26:45    18 -->                                                                     [tcl] gui_update_simulator_buttons
17:26:46    19 -->                                                                         [tcl] set ucliGUI::state
17:26:46    20 -->                                                                             [tcl] ucliCore::getToolPID
17:26:46    21 -->                                                                                 [tcl] synopsys::env hasTB
17:26:46    22 -->                                                                                     [tcl] trigger_hier_stack_context_switch 0
17:26:46    23 -->                                                                                         [tcl] synUtils::setDVEInitPhase 1
17:26:46    24 -->                                                                                             [tcl] gui_get_env SIMSETUP::SIMVPD
17:26:46    25 --> ...  [tcl] synopsys::dump -type VPD -file /afs/ee.ust.hk/staff/ee/bxieaf/eesm5020/risc_baohui/behav_sim/inter.vpd -locking
17:26:46    26 --> ...      [tcl] synopsys::dump -autoflush on -fid VPD0
17:26:46    27 --> ...          [tcl] set ::dve_fid VPD0
17:26:46    28 --> ...              [tcl] synUtils::setDVEInitPhase 0
17:26:46    29 --> ...                  [tcl] ucliCore::getToolPID
17:26:46    30 --> ...                      [tcl] synUtils::sendTool -active _icl_setToolSocket /tmp/smlnp0MJjPd
17:26:46    31 --> ...                          [tcl] synUtils::sendTool -active {_icl_start_rpc -version "Q-2020.03-SP1-1_Full64" -sync_file /tmp/vcs_dve_rpc.bxieaf.3013}
17:26:47    32 --> ...                              [tcl] synUtils::sendTool -active {_icl_createSharedMemory /tmp/vcs_dve_general.bxieaf.3013}
17:26:47    33 --> ...                                  [tcl] dveMisc::vbusExpand riscv8bit_tb
17:26:47    34 --> ...                                      [tcl] config endofsim noexit
17:26:47    35 --> ...                                          [tcl] config onfail enable all
17:26:47    36 --> ...                                              [tcl] config syscaddplainmembers
17:26:47    37 --> ...                                                  [tcl] config syscaddsourcenames
17:26:47    38 --> ...                                                      [tcl] config syscaddstructtypes
17:26:47    39 --> ...                                                          [tcl] synopsys::listing -disable
17:26:53    40 --> ...                                                              [tcl] synopsys::dump -add {riscv8bit_tb} -scope "." -depth 1 -fid VPD0
17:26:54    41 --> ...                                                                  [tcl] synopsys::run
17:26:54    42 --> ...                                                                      [tcl] set ucliGUI::state
17:26:54    43 --> ...                                                                          [tcl] gui_update_simulator_buttons
17:26:55    44 --> ...                                                                              [tcl] set ucliGUI::state
17:26:55    45 --> ...                                                                                  [tcl] set ucliGUI::state
17:26:55    46 --> ...                                                                                      [tcl] set ucliGUI::state
17:26:55    47 --> ...                                                                                          [tcl] catch {senv activeDomain} dveMisc::result 
17:26:55    48 --> ...                                                                                              [tcl] set dveMisc::result
17:26:55    49 --> ...                                                                                                  [tcl] gui_update_simulator_buttons
17:26:55    50 --> ...  [tcl] dveMisc::vbusExpand riscv8bit_tb.input_stimulus
17:27:04    51 --> ...      [tcl] ucliGUI::getSignalValues -scope riscv8bit_tb -radix {decimal } -list {{instruction_input_wire[15:0]} }
17:27:04    52 --> ...          [tcl] ucliGUI::getSignalValues -scope riscv8bit_tb -radix {decimal } -list {{result_from_RAM[7:0]} }
17:27:04    53 --> ...              [tcl] ucliGUI::getSignalValues -scope riscv8bit_tb -radix {decimal } -list {{pc_increment_address_reg[7:0]} }
17:27:04    54 --> ...                  [tcl] ucliGUI::getSignalValues -scope riscv8bit_tb -radix {decimal } -list {{ram_data_wire[7:0]} }
17:27:04    55 --> ...                      [tcl] ucliGUI::getSignalValues -scope riscv8bit_tb -radix {decimal } -list {{write_data_to_memory_reg[7:0]} }
17:27:04    56 --> ...                          [tcl] ucliGUI::getSignalValues -scope riscv8bit_tb -radix {decimal } -list {{alu_result_from_idandex[7:0]} }
17:27:04    57 --> ...                              [tcl] ucliGUI::getSignalValues -scope riscv8bit_tb -radix {decimal } -list {{ram_data[7:0]} }
17:27:04    58 --> ...                                  [tcl] ucliGUI::getSignalValues -scope riscv8bit_tb -radix {decimal } -list {{write_data_to_memory[7:0]} }
17:27:04    59 --> ...                                      [tcl] ucliGUI::getSignalValues -scope riscv8bit_tb -radix {decimal } -list {{pc_increment_address[7:0]} }
17:27:04    60 --> ...                                          [tcl] ucliGUI::getSignalValues -scope riscv8bit_tb -radix {decimal } -list {{alu_result_from_idandex_reg[7:0]} }
17:27:04    61 --> ...                                              [tcl] ucliGUI::getSignalValues -scope riscv8bit_tb -radix {decimal } -list {{instruction_input[15:0]} }
17:28:00    62 --> ...                                                  [tcl] if [catch {gui_sim_terminate}] {gui_sim_terminate -kill}
17:28:00    63 --> ...                                                      [tcl] synopsys::finish
17:28:00    64 --> ...                                                          [tcl] set ucliGUI::state
17:28:00    65 --> ...                                                              [tcl] gui_update_simulator_buttons
17:28:00    66 --> ...                                                                  [tcl] set ucliGUI::state
17:28:00    67 --> ...                                                                      [tcl] catch {senv activeDomain} dveMisc::result 
17:28:00    68 --> ...                                                                          [tcl] set dveMisc::result
17:28:00    69 --> ...                                                                              [tcl] gui_update_simulator_buttons
17:28:00    70 --> ...                                                                                  [tcl] catch {senv activeDomain} dveMisc::result 
17:28:00    71 --> ...                                                                                      [tcl] set dveMisc::result
17:28:00    72 --> ...                                                                                          [tcl] ucli_exit
