 
****************************************
Report : area
Design : id_to_wb
Version: P-2019.03-SP5
Date   : Sun May 29 01:14:28 2022
****************************************

Library(s) Used:

    NangateOpenCellLibrary (File: /afs/ee.ust.hk/staff/ee/dept/public/elec516/eesm_5020_2017spring/eesm_5020/lib/NangateOpenCellLibrary_PDKv1_3_v2010_12/Front_End/Liberty/NLDM/NangateOpenCellLibrary_slow.db)

Number of ports:                          509
Number of nets:                          1213
Number of cells:                          735
Number of combinational cells:            558
Number of sequential cells:               161
Number of macros/black boxes:               0
Number of buf/inv:                        104
Number of references:                       3

Combinational area:                617.652002
Buf/Inv area:                       57.988000
Noncombinational area:             728.041974
Macro/Black Box area:                0.000000
Net Interconnect area:      undefined  (Wire load has zero net area)

Total cell area:                  1345.693976
Total area:                 undefined
1
