 
****************************************
Report : area
Design : riscv8bit
Version: P-2019.03-SP5
Date   : Sun May 29 21:54:33 2022
****************************************

Library(s) Used:

    NangateOpenCellLibrary (File: /afs/ee.ust.hk/staff/ee/dept/public/elec516/eesm_5020_2017spring/eesm_5020/lib/NangateOpenCellLibrary_PDKv1_3_v2010_12/Front_End/Liberty/NLDM/NangateOpenCellLibrary_slow.db)

Number of ports:                          596
Number of nets:                          1321
Number of cells:                          705
Number of combinational cells:            517
Number of sequential cells:               169
Number of macros/black boxes:               0
Number of buf/inv:                        104
Number of references:                       2

Combinational area:                621.110006
Buf/Inv area:                       57.988000
Noncombinational area:             764.217972
Macro/Black Box area:                0.000000
Net Interconnect area:      undefined  (Wire load has zero net area)

Total cell area:                  1385.327978
Total area:                 undefined
1
