# Preference setting overrides
gui_create_pref_key -category {Globals} -key {load_detail_for_funcov} -value_type {bool} -value {false}
gui_create_pref_category -category {schem_obj_name}
gui_create_pref_key -category {schem_obj_name} -key {show_cell_and_pin_with_symbol_name} -value_type {bool} -value {false}
gui_create_pref_key -category {schem_pin_hc} -key {textExtFont} -value_type {string} -value {Helvetica,10,-1,5,50,0,0,0,0,0}

# State setting overrides
gui_state_default_create -off -ini
gui_set_state_value -category Layout -key child_console_size_x -value 1705
gui_set_state_value -category Layout -key child_console_size_y -value 431
gui_set_state_value -category Layout -key child_data_size_x -value 212
gui_set_state_value -category Layout -key child_data_size_y -value 392
gui_set_state_value -category Layout -key child_driver_size_x -value 1424
gui_set_state_value -category Layout -key child_driver_size_y -value 179
gui_set_state_value -category Layout -key child_hier_col3 -value {-1}
gui_set_state_value -category Layout -key child_hier_colhier -value 306
gui_set_state_value -category Layout -key child_hier_colpd -value 0
gui_set_state_value -category Layout -key child_hier_coltype -value 10
gui_set_state_value -category Layout -key child_hier_size_x -value 155
gui_set_state_value -category Layout -key child_hier_size_y -value 392
gui_set_state_value -category Layout -key child_list_down -value 634
gui_set_state_value -category Layout -key child_list_right -value 1551
gui_set_state_value -category Layout -key child_schematic_docknewline -value false
gui_set_state_value -category Layout -key child_schematic_pos_x -value {-2}
gui_set_state_value -category Layout -key child_schematic_pos_y -value {-15}
gui_set_state_value -category Layout -key child_schematic_size_x -value 543
gui_set_state_value -category Layout -key child_schematic_size_y -value 456
gui_set_state_value -category Layout -key child_source_docknewline -value false
gui_set_state_value -category Layout -key child_source_pos_x -value {-2}
gui_set_state_value -category Layout -key child_source_pos_y -value {-15}
gui_set_state_value -category Layout -key child_source_size_x -value 1341
gui_set_state_value -category Layout -key child_source_size_y -value 387
gui_set_state_value -category Layout -key child_watch_size_x -value 1706
gui_set_state_value -category Layout -key child_watch_size_y -value 210
gui_set_state_value -category Layout -key child_wave_colname -value 236
gui_set_state_value -category Layout -key child_wave_colvalue -value 237
gui_set_state_value -category Layout -key child_wave_docknewline -value false
gui_set_state_value -category Layout -key child_wave_left -value 477
gui_set_state_value -category Layout -key child_wave_pos_x -value {-2}
gui_set_state_value -category Layout -key child_wave_pos_y -value {-15}
gui_set_state_value -category Layout -key child_wave_right -value 1162
gui_set_state_value -category Layout -key child_wave_size_x -value 1711
gui_set_state_value -category Layout -key child_wave_size_y -value 569
gui_set_state_value -category Layout -key main_pos_x -value 8
gui_set_state_value -category Layout -key main_pos_y -value 31
gui_set_state_value -category Layout -key main_size_x -value 1713
gui_set_state_value -category Layout -key main_size_y -value 953
gui_set_state_value -category Layout -key stand_list_child_docknewline -value false
gui_set_state_value -category Layout -key stand_list_child_pos_x -value {-2}
gui_set_state_value -category Layout -key stand_list_child_pos_y -value {-15}
gui_set_state_value -category Layout -key stand_list_child_size_x -value 1711
gui_set_state_value -category Layout -key stand_list_child_size_y -value 779
gui_set_state_value -category Layout -key stand_list_top_pos_x -value 0
gui_set_state_value -category Layout -key stand_list_top_pos_y -value 23
gui_set_state_value -category Layout -key stand_list_top_size_x -value 1706
gui_set_state_value -category Layout -key stand_list_top_size_y -value 906
gui_set_state_value -category Layout -key stand_wave_child_docknewline -value false
gui_set_state_value -category Layout -key stand_wave_child_pos_x -value {-2}
gui_set_state_value -category Layout -key stand_wave_child_pos_y -value {-15}
gui_set_state_value -category Layout -key stand_wave_child_size_x -value 1649
gui_set_state_value -category Layout -key stand_wave_child_size_y -value 760
gui_set_state_value -category Layout -key stand_wave_top_pos_x -value {-4}
gui_set_state_value -category Layout -key stand_wave_top_pos_y -value 47
gui_set_state_value -category Layout -key stand_wave_top_size_x -value 1640
gui_set_state_value -category Layout -key stand_wave_top_size_y -value 911
gui_create_state_key -category FindDialog -key m_pMatchCase -value_type bool -value false
gui_create_state_key -category FindDialog -key m_pMatchWord -value_type bool -value false
gui_create_state_key -category FindDialog -key m_pUseCombo -value_type string -value {}
gui_create_state_key -category FindDialog -key m_pWrapAround -value_type bool -value true
gui_create_state_key -category Widget_History -key {dlgSimSetup|m_setupTab|tab pages|BuildTab|m_rebuildBtnGroup|m_customCmdCombo} -value_type string -value {{source ./run_riscv8bit} {source ./run_id_to_wb} {source ./run} {source ./run_digitalControlBlock} ./run}
gui_create_state_key -category Widget_History -key {dlgSimSetup|m_setupTab|tab pages|BuildTab|m_rebuildBtnGroup|m_customDirCombo} -value_type string -value {./ / /afs/ee.ust.hk/staff/ee/bxieaf/eesm5020/bk_adder/behav_sim/}
gui_create_state_key -category Widget_History -key {dlgSimSetup|m_setupTab|tab pages|SimTab|m_VPDCombo} -value_type string -value inter.vpd
gui_create_state_key -category Widget_History -key {dlgSimSetup|m_setupTab|tab pages|SimTab|m_argsCombo} -value_type string -value {{-ucligui }}
gui_create_state_key -category Widget_History -key {dlgSimSetup|m_setupTab|tab pages|SimTab|m_curDirCombo} -value_type string -value {/afs/ee.ust.hk/staff/ee/bxieaf/eesm5020/risc_baohui/behav_sim /afs/ee.ust.hk/staff/ee/bxieaf/eesm5020/risc_baohui/syn_sim /afs/ee.ust.hk/staff/ee/bxieaf/eesm6980/implementation_9/behav_sim /afs/ee.ust.hk/staff/ee/bxieaf/eesm6980/implementation_7Update/behav_sim /afs/ee.ust.hk/staff/ee/bxieaf/eesm6980/implementation_7Update/syn_sim}
gui_create_state_key -category Widget_History -key {dlgSimSetup|m_setupTab|tab pages|SimTab|m_exeCombo} -value_type string -value {/afs/ee.ust.hk/staff/ee/bxieaf/eesm5020/risc_baohui/behav_sim/simv /afs/ee.ust.hk/staff/ee/bxieaf/eesm5020/risc_baohui/syn_sim/simv ./simv /afs/ee.ust.hk/staff/ee/bxieaf/eesm6980/implementation_7Update/behav_sim/simv /afs/ee.ust.hk/staff/ee/bxieaf/eesm6980/implementation_8Update/syn_sim/simv}
gui_state_default_create -off

# Begin command logging
gui_sim_run Ucli -exe ./simv -args {-ucligui  } -dir .
gui_list_expand -id  Hier.1   riscv8bit_tb
gui_list_expand -id  Hier.1   riscv8bit_tb.instruction_memory1
gui_list_expand -id  Hier.1   riscv8bit_tb.uut
gui_list_expand -id  Hier.1   riscv8bit_tb.uut.id_to_wb1
gui_list_expand -id  Hier.1   riscv8bit_tb.uut.pc1
gui_list_collapse -id  Hier.1   riscv8bit_tb.uut.pc1
gui_list_expand -id  Hier.1   riscv8bit_tb.uut.id_to_wb1.id_and_ex1
gui_list_expand -id  Hier.1   riscv8bit_tb.uut.id_to_wb1.id_and_ex1.id1
gui_list_select -id Hier.1 -current_item_name riscv8bit_tb.uut.id_to_wb1.id_and_ex1.id1.ifid1 -current_item_type Scope  -selected  { riscv8bit_tb.uut.id_to_wb1.id_and_ex1.id1.ifid1   }
gui_list_select -id Data.1 -selected  { {riscv8bit_tb.uut.id_to_wb1.id_and_ex1.id1.ifid1.instruction_ifid_output[15:0]}   }
gui_open_window Wave
gui_list_add -id Wave.1 -from Data.1 { {riscv8bit_tb.uut.id_to_wb1.id_and_ex1.id1.ifid1.instruction_ifid_output[15:0]} } -insertionbar
gui_list_select -id Hier.1 -current_item_name riscv8bit_tb.uut.id_to_wb1.id_and_ex1.id1.idex1 -current_item_type Scope  -selected  { riscv8bit_tb.uut.id_to_wb1.id_and_ex1.id1.idex1   }
gui_list_select -id Data.1 -selected  { {riscv8bit_tb.uut.id_to_wb1.id_and_ex1.id1.idex1.instruction_idex_input[15:0]}   }
gui_list_select -id Data.1 -selected  { {riscv8bit_tb.uut.id_to_wb1.id_and_ex1.id1.idex1.instruction_idex_output[15:0]}   }
gui_list_add -id Wave.1 -from Data.1 { {riscv8bit_tb.uut.id_to_wb1.id_and_ex1.id1.idex1.instruction_idex_output[15:0]} } -insertionbar
gui_list_select -id Hier.1 -current_item_name riscv8bit_tb.uut.id_to_wb1.id_and_ex1.exmem1 -current_item_type Scope  -selected  { riscv8bit_tb.uut.id_to_wb1.id_and_ex1.exmem1   }
gui_list_select -id Data.1 -selected  { {riscv8bit_tb.uut.id_to_wb1.id_and_ex1.exmem1.rd_exmem_output[2:0]}   }
gui_list_select -id Data.1 -selected  { riscv8bit_tb.uut.id_to_wb1.id_and_ex1.exmem1.regwrite_exmem_input   }
gui_list_select -id Data.1 -selected  { {riscv8bit_tb.uut.id_to_wb1.id_and_ex1.exmem1.rd_exmem_output[2:0]}   }
gui_list_add -id Wave.1 -from Data.1 { {riscv8bit_tb.uut.id_to_wb1.id_and_ex1.exmem1.rd_exmem_output[2:0]} } -insertionbar
gui_list_collapse -id  Hier.1   riscv8bit_tb.uut.id_to_wb1.id_and_ex1
gui_list_select -id Hier.1 -current_item_name riscv8bit_tb.uut.id_to_wb1.memwb1 -current_item_type Scope  -selected  { riscv8bit_tb.uut.id_to_wb1.memwb1   }
gui_list_select -id Data.1 -selected  { {riscv8bit_tb.uut.id_to_wb1.memwb1.rd_memwb_output[2:0]}   }
gui_list_add -id Wave.1 -from Data.1 { {riscv8bit_tb.uut.id_to_wb1.memwb1.rd_memwb_output[2:0]} } -insertionbar
gui_sim_continue  
gui_zoom -window Wave.1 -full
gui_wv_zoom_timerange -id  Wave.1 879194 14089090
gui_list_select -id Hier.1 -current_item_name riscv8bit_tb -current_item_type Scope  -selected  { riscv8bit_tb   }
gui_list_select -id Data.1 -selected  { riscv8bit_tb.clk   }
gui_list_add -id Wave.1 -from Data.1 { riscv8bit_tb.clk } -insertionbar
gui_sim_restart
gui_sim_continue  
gui_zoom -window Wave.1 -full
gui_wv_zoom_timerange -id  Wave.1 483557 13099996
gui_wv_zoom_timerange -id  Wave.1 928004 5733741
gui_marker_move -id  Wave.1 C1 2700200
gui_marker_move -id  Wave.1 C1 2900200
gui_marker_move -id  Wave.1 C1 3100200
gui_marker_move -id  Wave.1 C1 3300200
gui_marker_move -id  Wave.1 C1 2300200
gui_close_window -window TopLevel.2
gui_list_expand -id  Hier.1   riscv8bit_tb
gui_list_select -id Hier.1 -current_item_name riscv8bit_tb.data_memory1 -current_item_type Scope  -selected  { riscv8bit_tb.data_memory1   }
gui_list_select -id Hier.1 -current_item_name riscv8bit_tb -current_item_type Scope  -selected  { riscv8bit_tb   }
gui_open_window Wave
gui_list_add -id Wave.1 -from Hier.1 { riscv8bit_tb } -insertionbar
gui_sim_restart
gui_sim_continue  
gui_zoom -window Wave.1 -full
gui_list_select -id Wave.1 -selected  { {riscv8bit_tb.write_data_to_memory_reg[7:0]}   }
gui_list_select_all -id Wave.1
gui_list_set_selected_property -id Wave.1 -radix decimal
gui_list_select -id Wave.1 -selected  {  }
gui_list_select -id Wave.1 -selected  { {riscv8bit_tb.result_from_RAM[7:0]}   }
gui_close_window -window TopLevel.2
gui_list_expand -id  Hier.1   riscv8bit_tb
gui_list_expand -id  Hier.1   riscv8bit_tb.instruction_memory1
gui_list_expand -id  Hier.1   riscv8bit_tb.data_memory1
gui_list_expand -id  Hier.1   riscv8bit_tb.uut
gui_list_select -id Hier.1 -current_item_name riscv8bit_tb.uut.CTS_ccl_a_buf_00016 -current_item_type Scope  -selected  { riscv8bit_tb.uut.CTS_ccl_a_buf_00016   }
gui_list_expand -id  Hier.1   riscv8bit_tb.uut.id_to_wb1
gui_list_expand -id  Hier.1   riscv8bit_tb.uut.id_to_wb1.id_and_ex1
gui_list_expand -id  Hier.1   riscv8bit_tb.uut.id_to_wb1.id_and_ex1.id1
gui_list_select -id Hier.1 -current_item_name riscv8bit_tb.uut.id_to_wb1.id_and_ex1.id1.registerfile1 -current_item_type Scope  -selected  { riscv8bit_tb.uut.id_to_wb1.id_and_ex1.id1.registerfile1   }
gui_list_select -id Data.1 -selected  { {riscv8bit_tb.uut.id_to_wb1.id_and_ex1.id1.registerfile1.read_data_1[7:0]}   }
gui_list_select -id Data.1 { {riscv8bit_tb.uut.id_to_wb1.id_and_ex1.id1.registerfile1.read_data_2[7:0]}  {riscv8bit_tb.uut.id_to_wb1.id_and_ex1.id1.registerfile1.rd[2:0]}  {riscv8bit_tb.uut.id_to_wb1.id_and_ex1.id1.registerfile1.rs[2:0]}  {riscv8bit_tb.uut.id_to_wb1.id_and_ex1.id1.registerfile1.write_address[2:0]}  {riscv8bit_tb.uut.id_to_wb1.id_and_ex1.id1.registerfile1.write_data[7:0]}  riscv8bit_tb.uut.id_to_wb1.id_and_ex1.id1.registerfile1.regwrite  riscv8bit_tb.uut.id_to_wb1.id_and_ex1.id1.registerfile1.rst  riscv8bit_tb.uut.id_to_wb1.id_and_ex1.id1.registerfile1.clk_clone3  riscv8bit_tb.uut.id_to_wb1.id_and_ex1.id1.registerfile1.clk_clone2  riscv8bit_tb.uut.id_to_wb1.id_and_ex1.id1.registerfile1.clk_clone1  riscv8bit_tb.uut.id_to_wb1.id_and_ex1.id1.registerfile1.clk   }
gui_list_select -id Data.1 { {riscv8bit_tb.uut.id_to_wb1.id_and_ex1.id1.registerfile1.register_memory[63:0]}   }
gui_open_window Wave
gui_list_add -id Wave.1 -from Data.1 { {riscv8bit_tb.uut.id_to_wb1.id_and_ex1.id1.registerfile1.read_data_1[7:0]} {riscv8bit_tb.uut.id_to_wb1.id_and_ex1.id1.registerfile1.read_data_2[7:0]} {riscv8bit_tb.uut.id_to_wb1.id_and_ex1.id1.registerfile1.rd[2:0]} {riscv8bit_tb.uut.id_to_wb1.id_and_ex1.id1.registerfile1.rs[2:0]} {riscv8bit_tb.uut.id_to_wb1.id_and_ex1.id1.registerfile1.write_address[2:0]} {riscv8bit_tb.uut.id_to_wb1.id_and_ex1.id1.registerfile1.write_data[7:0]} riscv8bit_tb.uut.id_to_wb1.id_and_ex1.id1.registerfile1.regwrite riscv8bit_tb.uut.id_to_wb1.id_and_ex1.id1.registerfile1.rst riscv8bit_tb.uut.id_to_wb1.id_and_ex1.id1.registerfile1.clk_clone3 riscv8bit_tb.uut.id_to_wb1.id_and_ex1.id1.registerfile1.clk_clone2 riscv8bit_tb.uut.id_to_wb1.id_and_ex1.id1.registerfile1.clk_clone1 riscv8bit_tb.uut.id_to_wb1.id_and_ex1.id1.registerfile1.clk {riscv8bit_tb.uut.id_to_wb1.id_and_ex1.id1.registerfile1.register_memory[63:0]} } -insertionbar
gui_sim_restart
gui_sim_continue  
gui_zoom -window Wave.1 -full
gui_wv_zoom_timerange -id  Wave.1 0 26113847
gui_list_select -id Wave.1 -selected  { {riscv8bit_tb.uut.id_to_wb1.id_and_ex1.id1.registerfile1.read_data_1[7:0]}   }
gui_list_expand -id  Wave.1   {riscv8bit_tb.uut.id_to_wb1.id_and_ex1.id1.registerfile1.register_memory[63:0]}
gui_wv_scroll_vslidermove -id  Wave.1 50
gui_list_select -id Hier.1 -current_item_name riscv8bit_tb.data_memory1 -current_item_type Scope  -selected  { riscv8bit_tb.data_memory1   }
gui_open_window Wave
gui_list_add -id Wave.2 -from Hier.1 { riscv8bit_tb.data_memory1 } -insertionbar
gui_sim_restart
gui_sim_continue  
gui_zoom -window Wave.2 -full
gui_list_expand -id  Wave.2   {riscv8bit_tb.data_memory1.ram_memory[255:0][7:0]}
gui_wv_scroll_vslidermove -id  Wave.2 5966
gui_wv_scroll_vslidermove -id  Wave.2 5997
gui_wv_scroll_vslidermove -id  Wave.2 0
gui_list_select -id Wave.2 -selected  { riscv8bit_tb.data_memory1.memread   }
gui_list_select -id Wave.2 -selected  { riscv8bit_tb.data_memory1.memread  {riscv8bit_tb.data_memory1.i[31:0]}  {riscv8bit_tb.data_memory1.read_ram_data[7:0]}  riscv8bit_tb.data_memory1.memwrite  {riscv8bit_tb.data_memory1.address_ram[7:0]}   }
gui_list_collapse -id  Wave.2   {riscv8bit_tb.data_memory1.ram_memory[255:0][7:0]}
gui_list_move  -id  Wave.2    -sid  Wave.2   -after {riscv8bit_tb.data_memory1.write_data[7:0]} {{riscv8bit_tb.data_memory1.memread} {riscv8bit_tb.data_memory1.i[31:0]} {riscv8bit_tb.data_memory1.read_ram_data[7:0]} {riscv8bit_tb.data_memory1.memwrite} {riscv8bit_tb.data_memory1.address_ram[7:0]}} 
gui_list_expand -id  Wave.2   {riscv8bit_tb.data_memory1.ram_memory[255:0][7:0]}
gui_wv_scroll_vslidermove -id  Wave.2 5997
gui_marker_move -id  Wave.2 C1 2700200
gui_list_select -id Wave.2 -selected  { {riscv8bit_tb.data_memory1.ram_memory[0][7:0]}   }
gui_list_select -id Wave.2 -selected  { {riscv8bit_tb.data_memory1.read_ram_data[7:0]}   }
gui_list_select_all -id Wave.2
gui_list_set_selected_property -id Wave.2 -radix decimal
gui_marker_move -id  Wave.2 C1 6781674
gui_list_select -id Wave.2 -selected  { {riscv8bit_tb.data_memory1.address_ram[7:0]}   }
gui_list_select -id Wave.2 -selected  { {riscv8bit_tb.data_memory1.ram_memory[12][7:0]}   }
gui_list_select -id Wave.2 { {riscv8bit_tb.data_memory1.ram_memory[11][7:0]}  {riscv8bit_tb.data_memory1.ram_memory[10][7:0]}  {riscv8bit_tb.data_memory1.ram_memory[9][7:0]}  {riscv8bit_tb.data_memory1.ram_memory[8][7:0]}  {riscv8bit_tb.data_memory1.ram_memory[7][7:0]}  {riscv8bit_tb.data_memory1.ram_memory[6][7:0]}  {riscv8bit_tb.data_memory1.ram_memory[5][7:0]}  {riscv8bit_tb.data_memory1.ram_memory[4][7:0]}  {riscv8bit_tb.data_memory1.ram_memory[3][7:0]}  {riscv8bit_tb.data_memory1.ram_memory[2][7:0]}  {riscv8bit_tb.data_memory1.ram_memory[1][7:0]}  {riscv8bit_tb.data_memory1.ram_memory[0][7:0]}   }
gui_list_collapse -id  Wave.1   {riscv8bit_tb.uut.id_to_wb1.id_and_ex1.id1.registerfile1.register_memory[63:0]}
gui_list_select -id Wave.1 -selected  {  }
gui_close_window -window TopLevel.2
gui_close_window -window TopLevel.3
